<?xml version="1.0" encoding="UTF-8"?>
<!-- Generated by org.testng.reporters.JUnitXMLReporter -->
<testsuite ignored="0" hostname="DESKTOP-9SUNS29" failures="0" tests="3" name="Default test" time="0.056" errors="0" timestamp="2022-04-12T17:00:48 MDT">
  <testcase classname="qaclickacademy.AppiumTest" name="IOSApps" time="0.009"/>
  <testcase classname="qaclickacademy.AppiumTest" name="Mobiletest" time="0.001"/>
  <testcase classname="qaclickacademy.AppiumTest" name="NativeAPpAndroid" time="0.0"/>
</testsuite> <!-- Default test -->
