<?xml version="1.0" encoding="UTF-8"?>
<testng-results ignored="0" total="3" passed="3" failed="0" skipped="0">
  <reporter-output>
  </reporter-output>
  <suite started-at="2022-04-12T17:00:48 MDT" name="Default suite" finished-at="2022-04-12T17:00:48 MDT" duration-ms="56">
    <groups>
    </groups>
    <test started-at="2022-04-12T17:00:48 MDT" name="Default test" finished-at="2022-04-12T17:00:48 MDT" duration-ms="56">
      <class name="qaclickacademy.AppiumTest">
        <test-method signature="IOSApps()[pri:0, instance:qaclickacademy.AppiumTest@470f1802]" started-at="2022-04-12T17:00:48 MDT" name="IOSApps" finished-at="2022-04-12T17:00:48 MDT" duration-ms="9" status="PASS">
          <reporter-output>
          </reporter-output>
        </test-method> <!-- IOSApps -->
        <test-method signature="Mobiletest()[pri:0, instance:qaclickacademy.AppiumTest@470f1802]" started-at="2022-04-12T17:00:48 MDT" name="Mobiletest" finished-at="2022-04-12T17:00:48 MDT" duration-ms="1" status="PASS">
          <reporter-output>
          </reporter-output>
        </test-method> <!-- Mobiletest -->
        <test-method signature="NativeAPpAndroid()[pri:0, instance:qaclickacademy.AppiumTest@470f1802]" started-at="2022-04-12T17:00:48 MDT" name="NativeAPpAndroid" finished-at="2022-04-12T17:00:48 MDT" duration-ms="0" status="PASS">
          <reporter-output>
          </reporter-output>
        </test-method> <!-- NativeAPpAndroid -->
      </class> <!-- qaclickacademy.AppiumTest -->
    </test> <!-- Default test -->
  </suite> <!-- Default suite -->
</testng-results>
